2019-09-05 00:28:27 INFO  ConfigReader:56 - browser ______Chrome
2019-09-05 00:28:27 INFO  ConfigReader:56 - url ______https://www.ovenstory.in/
2019-09-05 00:28:27 INFO  ConfigReader:56 - Screenshot ______output\screenshot
2019-09-05 00:28:27 INFO  ConfigReader:56 - chromePath ______driver\chromedriver.exe
2019-09-05 00:28:27 INFO  ConfigReader:56 - sheetName ______Linkedin
2019-09-05 00:28:27 INFO  ConfigReader:56 - deleteDirectory ______output
2019-09-05 00:28:27 INFO  ConfigReader:56 - DEFAULT_WAIT ______10;
2019-09-05 00:28:27 INFO  ExcelUtility:89 - testuser1testuser
2019-09-05 00:28:27 INFO  ExcelUtility:141 - Key Value
2019-09-05 00:28:27 INFO  ExcelUtility:141 - DeliveryLocation1 Bhandup West
2019-09-05 00:28:27 INFO  ExcelUtility:141 - DeliveryLocation2 Powai 
2019-09-05 00:28:27 INFO  ExcelUtility:141 - itemName BOGO Veg Pizza Combo
2019-09-05 00:28:27 INFO  ExcelUtility:141 - DifferentVerietyOfItem Spanish Sunshine
2019-09-05 00:28:27 INFO  ExcelUtility:141 - ItemBase Chipotle Cheese
2019-09-05 00:28:27 INFO  OvenStoryTestcase:41 - Before suite method execution ends. Config files are loaded.
2019-09-05 00:28:27 INFO  ConfigReader:56 - browser ______Chrome
2019-09-05 00:28:27 INFO  ConfigReader:56 - url ______https://www.ovenstory.in/
2019-09-05 00:28:27 INFO  ConfigReader:56 - Screenshot ______output\screenshot
2019-09-05 00:28:27 INFO  ConfigReader:56 - chromePath ______driver\chromedriver.exe
2019-09-05 00:28:27 INFO  ConfigReader:56 - sheetName ______Linkedin
2019-09-05 00:28:27 INFO  ConfigReader:56 - deleteDirectory ______output
2019-09-05 00:28:27 INFO  ConfigReader:56 - DEFAULT_WAIT ______10;
2019-09-05 00:28:27 INFO  DriverManager:31 - E:\Selenium_Workspace\ovenstory\driver\chromedriver.exebroser name Chrome
2019-09-05 00:28:36 INFO  AddItem:15 - addItemAndCheckout floe execution started.
2019-09-05 00:28:36 INFO  UIActions:168 - Elememnt is displayed on UI.
2019-09-05 00:28:37 INFO  UIActions:168 - Elememnt is displayed on UI.
2019-09-05 00:28:37 INFO  UIActions:250 - Elememnt is Enabled on UI.By.id: wzrk-cancel
2019-09-05 00:28:37 INFO  UIActions:33 - Clicked on element . Element is By.id: wzrk-cancel
2019-09-05 00:28:37 INFO  Screenshot:29 - Directory path is output\screenshot
2019-09-05 00:28:37 INFO  FileUtility:27 - Directory not exists, creating now
2019-09-05 00:28:37 INFO  FileUtility:35 - Successfully created new directory : Directory name is  output\screenshot\TestCase1
2019-09-05 00:28:37 INFO  FileUtility:53 - Successfully created new file: output\screenshot\TestCase1\1567623517144_TestCase1_Before entering location
2019-09-05 00:28:37 INFO  UIActions:281 - Text is 
2019-09-05 00:28:37 INFO  UIActions:324 - Entered value is 
2019-09-05 00:28:40 INFO  IOvenHomePageImpl:29 - Entered location is 
2019-09-05 00:28:40 INFO  Screenshot:29 - Directory path is output\screenshot
2019-09-05 00:28:41 INFO  FileUtility:53 - Successfully created new file: output\screenshot\TestCase1\1567623520749_TestCase1_After entering location
2019-09-05 00:29:12 ERROR IOvenHomePageImpl:40 - Retrying to fill delivery location in 2nd attempt.
2019-09-05 00:29:12 INFO  Screenshot:29 - Directory path is output\screenshot
2019-09-05 00:29:12 INFO  FileUtility:53 - Successfully created new file: output\screenshot\TestCase1\1567623552319_TestCase1_Before entering location 2nd attempt
2019-09-05 00:29:12 INFO  UIActions:281 - Text is 
2019-09-05 00:29:12 INFO  UIActions:324 - Entered value is 
2019-09-05 00:29:13 INFO  IOvenHomePageImpl:44 - Entered location is 
2019-09-05 00:29:13 INFO  Screenshot:29 - Directory path is output\screenshot
2019-09-05 00:29:14 INFO  FileUtility:53 - Successfully created new file: output\screenshot\TestCase1\1567623553860_TestCase1_After entering location 2nd time
2019-09-05 00:29:45 ERROR IOvenHomePageImpl:53 - Failed delivery location selection in 2nd attempt.
2019-09-05 00:29:45 ERROR AddItem:68 - Error while executing addItemAndCheckout flow
2019-09-05 00:29:45 ERROR OvenStoryTestcase:67 - TestCase1 execution failed
com.automate.framework.exception.UIActionsException: org.openqa.selenium.TimeoutException: Expected condition failed: waiting for visibility of element located by By.xpath: //div[@class='locationHeader']//span[@class='locationNameHeader'] (tried for 30 second(s) with 500 milliseconds interval)
	at com.automate.automation.pages.hoempage.IOvenHomePageImpl.enterDeliveryLocation(IOvenHomePageImpl.java:54)
	at com.automate.automation.pages.hoempage.PageOvenStory.enterDeliveryLocation(PageOvenStory.java:12)
	at com.automate.automation.flow.additem.AddItem.addItemAndCheckout(AddItem.java:25)
	at com.automate.automation.testcase.ovenstory.OvenStoryTestcase.TestCase1(OvenStoryTestcase.java:62)
	at sun.reflect.NativeMethodAccessorImpl.invoke0(Native Method)
	at sun.reflect.NativeMethodAccessorImpl.invoke(NativeMethodAccessorImpl.java:62)
	at sun.reflect.DelegatingMethodAccessorImpl.invoke(DelegatingMethodAccessorImpl.java:43)
	at java.lang.reflect.Method.invoke(Method.java:498)
	at org.testng.internal.MethodInvocationHelper.invokeMethod(MethodInvocationHelper.java:108)
	at org.testng.internal.Invoker.invokeMethod(Invoker.java:661)
	at org.testng.internal.Invoker.invokeTestMethod(Invoker.java:869)
	at org.testng.internal.Invoker.invokeTestMethods(Invoker.java:1193)
	at org.testng.internal.TestMethodWorker.invokeTestMethods(TestMethodWorker.java:126)
	at org.testng.internal.TestMethodWorker.run(TestMethodWorker.java:109)
	at org.testng.TestRunner.privateRun(TestRunner.java:744)
	at org.testng.TestRunner.run(TestRunner.java:602)
	at org.testng.SuiteRunner.runTest(SuiteRunner.java:380)
	at org.testng.SuiteRunner.runSequentially(SuiteRunner.java:375)
	at org.testng.SuiteRunner.privateRun(SuiteRunner.java:340)
	at org.testng.SuiteRunner.run(SuiteRunner.java:289)
	at org.testng.SuiteRunnerWorker.runSuite(SuiteRunnerWorker.java:52)
	at org.testng.SuiteRunnerWorker.run(SuiteRunnerWorker.java:86)
	at org.testng.TestNG.runSuitesSequentially(TestNG.java:1301)
	at org.testng.TestNG.runSuitesLocally(TestNG.java:1226)
	at org.testng.TestNG.runSuites(TestNG.java:1144)
	at org.testng.TestNG.run(TestNG.java:1115)
	at org.apache.maven.surefire.testng.TestNGExecutor.run(TestNGExecutor.java:283)
	at org.apache.maven.surefire.testng.TestNGXmlTestSuite.execute(TestNGXmlTestSuite.java:75)
	at org.apache.maven.surefire.testng.TestNGProvider.invoke(TestNGProvider.java:120)
	at org.apache.maven.surefire.booter.ForkedBooter.invokeProviderInSameClassLoader(ForkedBooter.java:384)
	at org.apache.maven.surefire.booter.ForkedBooter.runSuitesInProcess(ForkedBooter.java:345)
	at org.apache.maven.surefire.booter.ForkedBooter.execute(ForkedBooter.java:126)
	at org.apache.maven.surefire.booter.ForkedBooter.main(ForkedBooter.java:418)
Caused by: org.openqa.selenium.TimeoutException: Expected condition failed: waiting for visibility of element located by By.xpath: //div[@class='locationHeader']//span[@class='locationNameHeader'] (tried for 30 second(s) with 500 milliseconds interval)
	at org.openqa.selenium.support.ui.WebDriverWait.timeoutException(WebDriverWait.java:95)
	at org.openqa.selenium.support.ui.FluentWait.until(FluentWait.java:272)
	at com.automate.automation.pages.hoempage.IOvenHomePageImpl.enterDeliveryLocation(IOvenHomePageImpl.java:51)
	... 32 more
Caused by: org.openqa.selenium.NoSuchElementException: no such element: Unable to locate element: {"method":"xpath","selector":"//div[@class='locationHeader']//span[@class='locationNameHeader']"}
  (Session info: chrome=76.0.3809.132)
For documentation on this error, please visit: https://www.seleniumhq.org/exceptions/no_such_element.html
Build info: version: '3.141.59', revision: 'e82be7d358', time: '2018-11-14T08:17:03'
System info: host: 'SHUPA144', ip: '100.64.5.186', os.name: 'Windows 10', os.arch: 'amd64', os.version: '10.0', java.version: '1.8.0_181'
Driver info: org.openqa.selenium.chrome.ChromeDriver
Capabilities {acceptInsecureCerts: false, browserName: chrome, browserVersion: 76.0.3809.132, chrome: {chromedriverVersion: 76.0.3809.126 (d80a294506b4..., userDataDir: C:\Windows\TEMP\scoped_dir9...}, goog:chromeOptions: {debuggerAddress: localhost:49173}, javascriptEnabled: true, networkConnectionEnabled: false, pageLoadStrategy: normal, platform: XP, platformName: XP, proxy: Proxy(), setWindowRect: true, strictFileInteractability: false, timeouts: {implicit: 0, pageLoad: 300000, script: 30000}, unhandledPromptBehavior: dismiss and notify}
Session ID: 20f300728b88cf0d96027b38ca6b38bd
*** Element info: {Using=xpath, value=//div[@class='locationHeader']//span[@class='locationNameHeader']}
	at sun.reflect.GeneratedConstructorAccessor14.newInstance(Unknown Source)
	at sun.reflect.DelegatingConstructorAccessorImpl.newInstance(DelegatingConstructorAccessorImpl.java:45)
	at java.lang.reflect.Constructor.newInstance(Constructor.java:423)
	at org.openqa.selenium.remote.http.W3CHttpResponseCodec.createException(W3CHttpResponseCodec.java:187)
	at org.openqa.selenium.remote.http.W3CHttpResponseCodec.decode(W3CHttpResponseCodec.java:122)
	at org.openqa.selenium.remote.http.W3CHttpResponseCodec.decode(W3CHttpResponseCodec.java:49)
	at org.openqa.selenium.remote.HttpCommandExecutor.execute(HttpCommandExecutor.java:158)
	at org.openqa.selenium.remote.service.DriverCommandExecutor.execute(DriverCommandExecutor.java:83)
	at org.openqa.selenium.remote.RemoteWebDriver.execute(RemoteWebDriver.java:552)
	at org.openqa.selenium.remote.RemoteWebDriver.findElement(RemoteWebDriver.java:323)
	at org.openqa.selenium.remote.RemoteWebDriver.findElementByXPath(RemoteWebDriver.java:428)
	at org.openqa.selenium.By$ByXPath.findElement(By.java:353)
	at org.openqa.selenium.remote.RemoteWebDriver.findElement(RemoteWebDriver.java:315)
	at org.openqa.selenium.support.ui.ExpectedConditions$7.apply(ExpectedConditions.java:205)
	at org.openqa.selenium.support.ui.ExpectedConditions$7.apply(ExpectedConditions.java:201)
	at org.openqa.selenium.support.ui.FluentWait.until(FluentWait.java:249)
	... 33 more
2019-09-05 00:29:46 INFO  UIActions:386 - Closed driver for testcaseTestCase1
2019-09-05 00:29:46 INFO  DriverManager:31 - E:\Selenium_Workspace\ovenstory\driver\chromedriver.exebroser name Chrome
2019-09-05 00:29:54 INFO  UIActions:168 - Elememnt is displayed on UI.
2019-09-05 00:29:54 INFO  UIActions:168 - Elememnt is displayed on UI.
2019-09-05 00:29:54 INFO  UIActions:250 - Elememnt is Enabled on UI.By.id: wzrk-cancel
2019-09-05 00:29:54 INFO  UIActions:33 - Clicked on element . Element is By.id: wzrk-cancel
2019-09-05 00:29:54 INFO  Screenshot:29 - Directory path is output\screenshot
2019-09-05 00:29:54 INFO  FileUtility:27 - Directory not exists, creating now
2019-09-05 00:29:54 INFO  FileUtility:35 - Successfully created new directory : Directory name is  output\screenshot\TestCase2
2019-09-05 00:29:55 INFO  FileUtility:53 - Successfully created new file: output\screenshot\TestCase2\1567623594898_TestCase2_Before entering location
2019-09-05 00:29:55 INFO  UIActions:281 - Text is 
2019-09-05 00:29:55 INFO  UIActions:324 - Entered value is 
2019-09-05 00:29:58 INFO  IOvenHomePageImpl:29 - Entered location is 
2019-09-05 00:29:58 INFO  Screenshot:29 - Directory path is output\screenshot
2019-09-05 00:29:58 INFO  FileUtility:53 - Successfully created new file: output\screenshot\TestCase2\1567623598479_TestCase2_After entering location
2019-09-05 00:30:30 ERROR IOvenHomePageImpl:40 - Retrying to fill delivery location in 2nd attempt.
2019-09-05 00:30:30 INFO  Screenshot:29 - Directory path is output\screenshot
2019-09-05 00:30:30 INFO  FileUtility:53 - Successfully created new file: output\screenshot\TestCase2\1567623630019_TestCase2_Before entering location 2nd attempt
2019-09-05 00:30:30 INFO  UIActions:281 - Text is 
2019-09-05 00:30:30 INFO  UIActions:324 - Entered value is 
2019-09-05 00:30:31 INFO  IOvenHomePageImpl:44 - Entered location is 
2019-09-05 00:30:31 INFO  Screenshot:29 - Directory path is output\screenshot
2019-09-05 00:30:32 INFO  FileUtility:53 - Successfully created new file: output\screenshot\TestCase2\1567623631593_TestCase2_After entering location 2nd time
2019-09-05 00:31:03 ERROR IOvenHomePageImpl:53 - Failed delivery location selection in 2nd attempt.
2019-09-05 00:31:03 ERROR OvenStoryTestcase:106 - TestCase2 execution failed
com.automate.framework.exception.UIActionsException: org.openqa.selenium.TimeoutException: Expected condition failed: waiting for visibility of element located by By.xpath: //div[@class='locationHeader']//span[@class='locationNameHeader'] (tried for 30 second(s) with 500 milliseconds interval)
	at com.automate.automation.pages.hoempage.IOvenHomePageImpl.enterDeliveryLocation(IOvenHomePageImpl.java:54)
	at com.automate.automation.pages.hoempage.PageOvenStory.enterDeliveryLocation(PageOvenStory.java:12)
	at com.automate.automation.testcase.ovenstory.OvenStoryTestcase.TestCase2(OvenStoryTestcase.java:83)
	at sun.reflect.NativeMethodAccessorImpl.invoke0(Native Method)
	at sun.reflect.NativeMethodAccessorImpl.invoke(NativeMethodAccessorImpl.java:62)
	at sun.reflect.DelegatingMethodAccessorImpl.invoke(DelegatingMethodAccessorImpl.java:43)
	at java.lang.reflect.Method.invoke(Method.java:498)
	at org.testng.internal.MethodInvocationHelper.invokeMethod(MethodInvocationHelper.java:108)
	at org.testng.internal.Invoker.invokeMethod(Invoker.java:661)
	at org.testng.internal.Invoker.invokeTestMethod(Invoker.java:869)
	at org.testng.internal.Invoker.invokeTestMethods(Invoker.java:1193)
	at org.testng.internal.TestMethodWorker.invokeTestMethods(TestMethodWorker.java:126)
	at org.testng.internal.TestMethodWorker.run(TestMethodWorker.java:109)
	at org.testng.TestRunner.privateRun(TestRunner.java:744)
	at org.testng.TestRunner.run(TestRunner.java:602)
	at org.testng.SuiteRunner.runTest(SuiteRunner.java:380)
	at org.testng.SuiteRunner.runSequentially(SuiteRunner.java:375)
	at org.testng.SuiteRunner.privateRun(SuiteRunner.java:340)
	at org.testng.SuiteRunner.run(SuiteRunner.java:289)
	at org.testng.SuiteRunnerWorker.runSuite(SuiteRunnerWorker.java:52)
	at org.testng.SuiteRunnerWorker.run(SuiteRunnerWorker.java:86)
	at org.testng.TestNG.runSuitesSequentially(TestNG.java:1301)
	at org.testng.TestNG.runSuitesLocally(TestNG.java:1226)
	at org.testng.TestNG.runSuites(TestNG.java:1144)
	at org.testng.TestNG.run(TestNG.java:1115)
	at org.apache.maven.surefire.testng.TestNGExecutor.run(TestNGExecutor.java:283)
	at org.apache.maven.surefire.testng.TestNGXmlTestSuite.execute(TestNGXmlTestSuite.java:75)
	at org.apache.maven.surefire.testng.TestNGProvider.invoke(TestNGProvider.java:120)
	at org.apache.maven.surefire.booter.ForkedBooter.invokeProviderInSameClassLoader(ForkedBooter.java:384)
	at org.apache.maven.surefire.booter.ForkedBooter.runSuitesInProcess(ForkedBooter.java:345)
	at org.apache.maven.surefire.booter.ForkedBooter.execute(ForkedBooter.java:126)
	at org.apache.maven.surefire.booter.ForkedBooter.main(ForkedBooter.java:418)
Caused by: org.openqa.selenium.TimeoutException: Expected condition failed: waiting for visibility of element located by By.xpath: //div[@class='locationHeader']//span[@class='locationNameHeader'] (tried for 30 second(s) with 500 milliseconds interval)
	at org.openqa.selenium.support.ui.WebDriverWait.timeoutException(WebDriverWait.java:95)
	at org.openqa.selenium.support.ui.FluentWait.until(FluentWait.java:272)
	at com.automate.automation.pages.hoempage.IOvenHomePageImpl.enterDeliveryLocation(IOvenHomePageImpl.java:51)
	... 31 more
Caused by: org.openqa.selenium.NoSuchElementException: no such element: Unable to locate element: {"method":"xpath","selector":"//div[@class='locationHeader']//span[@class='locationNameHeader']"}
  (Session info: chrome=76.0.3809.132)
For documentation on this error, please visit: https://www.seleniumhq.org/exceptions/no_such_element.html
Build info: version: '3.141.59', revision: 'e82be7d358', time: '2018-11-14T08:17:03'
System info: host: 'SHUPA144', ip: '100.64.5.186', os.name: 'Windows 10', os.arch: 'amd64', os.version: '10.0', java.version: '1.8.0_181'
Driver info: org.openqa.selenium.chrome.ChromeDriver
Capabilities {acceptInsecureCerts: false, browserName: chrome, browserVersion: 76.0.3809.132, chrome: {chromedriverVersion: 76.0.3809.126 (d80a294506b4..., userDataDir: C:\Windows\TEMP\scoped_dir6...}, goog:chromeOptions: {debuggerAddress: localhost:49255}, javascriptEnabled: true, networkConnectionEnabled: false, pageLoadStrategy: normal, platform: XP, platformName: XP, proxy: Proxy(), setWindowRect: true, strictFileInteractability: false, timeouts: {implicit: 0, pageLoad: 300000, script: 30000}, unhandledPromptBehavior: dismiss and notify}
Session ID: 8d16be1529b73c6e454dbd43a29eae88
*** Element info: {Using=xpath, value=//div[@class='locationHeader']//span[@class='locationNameHeader']}
	at sun.reflect.GeneratedConstructorAccessor14.newInstance(Unknown Source)
	at sun.reflect.DelegatingConstructorAccessorImpl.newInstance(DelegatingConstructorAccessorImpl.java:45)
	at java.lang.reflect.Constructor.newInstance(Constructor.java:423)
	at org.openqa.selenium.remote.http.W3CHttpResponseCodec.createException(W3CHttpResponseCodec.java:187)
	at org.openqa.selenium.remote.http.W3CHttpResponseCodec.decode(W3CHttpResponseCodec.java:122)
	at org.openqa.selenium.remote.http.W3CHttpResponseCodec.decode(W3CHttpResponseCodec.java:49)
	at org.openqa.selenium.remote.HttpCommandExecutor.execute(HttpCommandExecutor.java:158)
	at org.openqa.selenium.remote.service.DriverCommandExecutor.execute(DriverCommandExecutor.java:83)
	at org.openqa.selenium.remote.RemoteWebDriver.execute(RemoteWebDriver.java:552)
	at org.openqa.selenium.remote.RemoteWebDriver.findElement(RemoteWebDriver.java:323)
	at org.openqa.selenium.remote.RemoteWebDriver.findElementByXPath(RemoteWebDriver.java:428)
	at org.openqa.selenium.By$ByXPath.findElement(By.java:353)
	at org.openqa.selenium.remote.RemoteWebDriver.findElement(RemoteWebDriver.java:315)
	at org.openqa.selenium.support.ui.ExpectedConditions$7.apply(ExpectedConditions.java:205)
	at org.openqa.selenium.support.ui.ExpectedConditions$7.apply(ExpectedConditions.java:201)
	at org.openqa.selenium.support.ui.FluentWait.until(FluentWait.java:249)
	... 32 more
2019-09-05 00:31:03 INFO  UIActions:386 - Closed driver for testcaseTestCase2
2019-09-05 00:31:03 INFO  DriverManager:31 - E:\Selenium_Workspace\ovenstory\driver\chromedriver.exebroser name Chrome
2019-09-05 00:31:12 INFO  UIActions:168 - Elememnt is displayed on UI.
2019-09-05 00:31:12 INFO  UIActions:168 - Elememnt is displayed on UI.
2019-09-05 00:31:12 INFO  UIActions:250 - Elememnt is Enabled on UI.By.id: wzrk-cancel
2019-09-05 00:31:12 INFO  UIActions:33 - Clicked on element . Element is By.id: wzrk-cancel
2019-09-05 00:31:12 INFO  Screenshot:29 - Directory path is output\screenshot
2019-09-05 00:31:12 INFO  FileUtility:27 - Directory not exists, creating now
2019-09-05 00:31:12 INFO  FileUtility:35 - Successfully created new directory : Directory name is  output\screenshot\TestCase3
2019-09-05 00:31:13 INFO  FileUtility:53 - Successfully created new file: output\screenshot\TestCase3\1567623672832_TestCase3_Before entering location
2019-09-05 00:31:13 INFO  UIActions:281 - Text is 
2019-09-05 00:31:13 INFO  UIActions:324 - Entered value is 
2019-09-05 00:31:16 INFO  IOvenHomePageImpl:29 - Entered location is 
2019-09-05 00:31:16 INFO  Screenshot:29 - Directory path is output\screenshot
2019-09-05 00:31:16 INFO  FileUtility:53 - Successfully created new file: output\screenshot\TestCase3\1567623676382_TestCase3_After entering location
2019-09-05 00:31:48 ERROR IOvenHomePageImpl:40 - Retrying to fill delivery location in 2nd attempt.
2019-09-05 00:31:48 INFO  Screenshot:29 - Directory path is output\screenshot
2019-09-05 00:31:48 INFO  FileUtility:53 - Successfully created new file: output\screenshot\TestCase3\1567623708077_TestCase3_Before entering location 2nd attempt
2019-09-05 00:31:48 INFO  UIActions:281 - Text is 
2019-09-05 00:31:48 INFO  UIActions:324 - Entered value is 
2019-09-05 00:31:49 INFO  IOvenHomePageImpl:44 - Entered location is 
2019-09-05 00:31:49 INFO  Screenshot:29 - Directory path is output\screenshot
2019-09-05 00:31:50 INFO  FileUtility:53 - Successfully created new file: output\screenshot\TestCase3\1567623709653_TestCase3_After entering location 2nd time
2019-09-05 00:32:21 ERROR IOvenHomePageImpl:53 - Failed delivery location selection in 2nd attempt.
2019-09-05 00:32:21 ERROR OvenStoryTestcase:136 - TestCase3 execution failed
com.automate.framework.exception.UIActionsException: org.openqa.selenium.TimeoutException: Expected condition failed: waiting for visibility of element located by By.xpath: //div[@class='locationHeader']//span[@class='locationNameHeader'] (tried for 30 second(s) with 500 milliseconds interval)
	at com.automate.automation.pages.hoempage.IOvenHomePageImpl.enterDeliveryLocation(IOvenHomePageImpl.java:54)
	at com.automate.automation.pages.hoempage.PageOvenStory.enterDeliveryLocation(PageOvenStory.java:12)
	at com.automate.automation.testcase.ovenstory.OvenStoryTestcase.TestCase3(OvenStoryTestcase.java:125)
	at sun.reflect.NativeMethodAccessorImpl.invoke0(Native Method)
	at sun.reflect.NativeMethodAccessorImpl.invoke(NativeMethodAccessorImpl.java:62)
	at sun.reflect.DelegatingMethodAccessorImpl.invoke(DelegatingMethodAccessorImpl.java:43)
	at java.lang.reflect.Method.invoke(Method.java:498)
	at org.testng.internal.MethodInvocationHelper.invokeMethod(MethodInvocationHelper.java:108)
	at org.testng.internal.Invoker.invokeMethod(Invoker.java:661)
	at org.testng.internal.Invoker.invokeTestMethod(Invoker.java:869)
	at org.testng.internal.Invoker.invokeTestMethods(Invoker.java:1193)
	at org.testng.internal.TestMethodWorker.invokeTestMethods(TestMethodWorker.java:126)
	at org.testng.internal.TestMethodWorker.run(TestMethodWorker.java:109)
	at org.testng.TestRunner.privateRun(TestRunner.java:744)
	at org.testng.TestRunner.run(TestRunner.java:602)
	at org.testng.SuiteRunner.runTest(SuiteRunner.java:380)
	at org.testng.SuiteRunner.runSequentially(SuiteRunner.java:375)
	at org.testng.SuiteRunner.privateRun(SuiteRunner.java:340)
	at org.testng.SuiteRunner.run(SuiteRunner.java:289)
	at org.testng.SuiteRunnerWorker.runSuite(SuiteRunnerWorker.java:52)
	at org.testng.SuiteRunnerWorker.run(SuiteRunnerWorker.java:86)
	at org.testng.TestNG.runSuitesSequentially(TestNG.java:1301)
	at org.testng.TestNG.runSuitesLocally(TestNG.java:1226)
	at org.testng.TestNG.runSuites(TestNG.java:1144)
	at org.testng.TestNG.run(TestNG.java:1115)
	at org.apache.maven.surefire.testng.TestNGExecutor.run(TestNGExecutor.java:283)
	at org.apache.maven.surefire.testng.TestNGXmlTestSuite.execute(TestNGXmlTestSuite.java:75)
	at org.apache.maven.surefire.testng.TestNGProvider.invoke(TestNGProvider.java:120)
	at org.apache.maven.surefire.booter.ForkedBooter.invokeProviderInSameClassLoader(ForkedBooter.java:384)
	at org.apache.maven.surefire.booter.ForkedBooter.runSuitesInProcess(ForkedBooter.java:345)
	at org.apache.maven.surefire.booter.ForkedBooter.execute(ForkedBooter.java:126)
	at org.apache.maven.surefire.booter.ForkedBooter.main(ForkedBooter.java:418)
Caused by: org.openqa.selenium.TimeoutException: Expected condition failed: waiting for visibility of element located by By.xpath: //div[@class='locationHeader']//span[@class='locationNameHeader'] (tried for 30 second(s) with 500 milliseconds interval)
	at org.openqa.selenium.support.ui.WebDriverWait.timeoutException(WebDriverWait.java:95)
	at org.openqa.selenium.support.ui.FluentWait.until(FluentWait.java:272)
	at com.automate.automation.pages.hoempage.IOvenHomePageImpl.enterDeliveryLocation(IOvenHomePageImpl.java:51)
	... 31 more
Caused by: org.openqa.selenium.NoSuchElementException: no such element: Unable to locate element: {"method":"xpath","selector":"//div[@class='locationHeader']//span[@class='locationNameHeader']"}
  (Session info: chrome=76.0.3809.132)
For documentation on this error, please visit: https://www.seleniumhq.org/exceptions/no_such_element.html
Build info: version: '3.141.59', revision: 'e82be7d358', time: '2018-11-14T08:17:03'
System info: host: 'SHUPA144', ip: '100.64.5.186', os.name: 'Windows 10', os.arch: 'amd64', os.version: '10.0', java.version: '1.8.0_181'
Driver info: org.openqa.selenium.chrome.ChromeDriver
Capabilities {acceptInsecureCerts: false, browserName: chrome, browserVersion: 76.0.3809.132, chrome: {chromedriverVersion: 76.0.3809.126 (d80a294506b4..., userDataDir: C:\Windows\TEMP\scoped_dir1...}, goog:chromeOptions: {debuggerAddress: localhost:60536}, javascriptEnabled: true, networkConnectionEnabled: false, pageLoadStrategy: normal, platform: XP, platformName: XP, proxy: Proxy(), setWindowRect: true, strictFileInteractability: false, timeouts: {implicit: 0, pageLoad: 300000, script: 30000}, unhandledPromptBehavior: dismiss and notify}
Session ID: cb2e74c183b10009f212a2701bff65bd
*** Element info: {Using=xpath, value=//div[@class='locationHeader']//span[@class='locationNameHeader']}
	at sun.reflect.GeneratedConstructorAccessor14.newInstance(Unknown Source)
	at sun.reflect.DelegatingConstructorAccessorImpl.newInstance(DelegatingConstructorAccessorImpl.java:45)
	at java.lang.reflect.Constructor.newInstance(Constructor.java:423)
	at org.openqa.selenium.remote.http.W3CHttpResponseCodec.createException(W3CHttpResponseCodec.java:187)
	at org.openqa.selenium.remote.http.W3CHttpResponseCodec.decode(W3CHttpResponseCodec.java:122)
	at org.openqa.selenium.remote.http.W3CHttpResponseCodec.decode(W3CHttpResponseCodec.java:49)
	at org.openqa.selenium.remote.HttpCommandExecutor.execute(HttpCommandExecutor.java:158)
	at org.openqa.selenium.remote.service.DriverCommandExecutor.execute(DriverCommandExecutor.java:83)
	at org.openqa.selenium.remote.RemoteWebDriver.execute(RemoteWebDriver.java:552)
	at org.openqa.selenium.remote.RemoteWebDriver.findElement(RemoteWebDriver.java:323)
	at org.openqa.selenium.remote.RemoteWebDriver.findElementByXPath(RemoteWebDriver.java:428)
	at org.openqa.selenium.By$ByXPath.findElement(By.java:353)
	at org.openqa.selenium.remote.RemoteWebDriver.findElement(RemoteWebDriver.java:315)
	at org.openqa.selenium.support.ui.ExpectedConditions$7.apply(ExpectedConditions.java:205)
	at org.openqa.selenium.support.ui.ExpectedConditions$7.apply(ExpectedConditions.java:201)
	at org.openqa.selenium.support.ui.FluentWait.until(FluentWait.java:249)
	... 32 more
2019-09-05 00:32:22 INFO  UIActions:386 - Closed driver for testcaseTestCase3
2019-09-05 00:32:22 INFO  OvenStoryTestcase:51 - Work in progress..
